To https://github.com/H-H-E/lesson-hub.git
   c66906f..463f151  master -> master
To https://github.com/H-H-E/lesson-hub.git
   fcd4c7a..13b3b27  master -> master
To https://github.com/H-H-E/lesson-hub.git
   7b6695b..da0229d  master -> master
To https://github.com/H-H-E/lesson-hub.git
   71c2dd7..7d976d2  master -> master
To https://github.com/H-H-E/lesson-hub.git
   7d976d2..bcf8062  master -> master
To https://github.com/H-H-E/lesson-hub.git
   bcf8062..4d6ec9c  master -> master
To https://github.com/H-H-E/lesson-hub.git
   4d6ec9c..b286ede  master -> master
To https://github.com/H-H-E/lesson-hub.git
   bee82b9..542e49a  master -> master
To https://github.com/H-H-E/lesson-hub.git
   542e49a..f3e934f  master -> master
To https://github.com/H-H-E/lesson-hub.git
   f3e934f..71881c2  master -> master
To https://github.com/H-H-E/lesson-hub.git
   71881c2..b63e299  master -> master
To https://github.com/H-H-E/lesson-hub.git
   b63e299..7e4155b  master -> master
To https://github.com/H-H-E/lesson-hub.git
   7e4155b..d1f3023  master -> master
To https://github.com/H-H-E/lesson-hub.git
   d1f3023..13134db  master -> master
To https://github.com/H-H-E/lesson-hub.git
   13134db..10eda5d  master -> master
To https://github.com/H-H-E/lesson-hub.git
   10eda5d..5b88fef  master -> master
To https://github.com/H-H-E/lesson-hub.git
   5b88fef..5ae4c0b  master -> master
To https://github.com/H-H-E/lesson-hub.git
   5ae4c0b..a7526b1  master -> master
[06:10:41] 🚀 Starting autonomous curriculum development (4 hours)
[06:10:41] 
========================================
[06:10:41] ITERATION 1
[06:10:41] ========================================
[06:10:41] 📚 Current curricula: 10
[06:10:41] 📝 Improving Grade 1...
[06:10:41] ✅ Created Grade 1 V3 with timing and worksheets
[06:10:42] 📤 Pushed to GitHub
[06:10:42] 💤 Sleeping 5 minutes...
[06:15:42] 
========================================
[06:15:42] ITERATION 2
[06:15:42] ========================================
[06:15:42] 📚 Current curricula: 10
[06:15:42] 📝 Improving Grade 1...
[06:15:42] ✅ Created Grade 1 V3 with timing and worksheets
[06:15:43] 💤 Sleeping 5 minutes...
[06:20:43] 
========================================
[06:20:43] ITERATION 3
[06:20:43] ========================================
[06:20:43] 📚 Current curricula: 10
[06:20:43] 📝 Improving Grade 1...
[06:20:43] ✅ Created Grade 1 V3 with timing and worksheets
[06:20:43] 💤 Sleeping 5 minutes...
[06:25:43] 
========================================
[06:25:43] ITERATION 4
[06:25:43] ========================================
[06:25:43] 📚 Current curricula: 10
[06:25:43] 📝 Improving Grade 1...
[06:25:43] ✅ Created Grade 1 V3 with timing and worksheets
[06:25:46] 📤 Pushed to GitHub
[06:25:46] 💤 Sleeping 5 minutes...
[06:30:46] 
========================================
[06:30:46] ITERATION 5
[06:30:46] ========================================
[06:30:46] 📚 Current curricula: 10
[06:30:46] 📝 Improving Grade 1...
[06:30:46] ✅ Created Grade 1 V3 with timing and worksheets
[06:30:46] 💤 Sleeping 5 minutes...
[06:35:46] 
========================================
[06:35:46] ITERATION 6
[06:35:46] ========================================
[06:35:46] 📚 Current curricula: 10
[06:35:46] 📝 Improving Grade 1...
[06:35:46] ✅ Created Grade 1 V3 with timing and worksheets
[06:35:46] 💤 Sleeping 5 minutes...
[06:40:46] 
========================================
[06:40:46] ITERATION 7
[06:40:46] ========================================
[06:40:46] 📚 Current curricula: 10
[06:40:46] 📝 Improving Grade 1...
[06:40:46] ✅ Created Grade 1 V3 with timing and worksheets
[06:40:49] 📤 Pushed to GitHub
[06:40:49] 💤 Sleeping 5 minutes...
[06:45:49] 
========================================
[06:45:49] ITERATION 8
[06:45:49] ========================================
[06:45:49] 📚 Current curricula: 10
[06:45:49] 📝 Improving Grade 1...
[06:45:49] ✅ Created Grade 1 V3 with timing and worksheets
[06:45:49] 💤 Sleeping 5 minutes...
[06:50:49] 
========================================
[06:50:49] ITERATION 9
[06:50:49] ========================================
[06:50:49] 📚 Current curricula: 10
[06:50:49] 📝 Improving Grade 1...
[06:50:49] ✅ Created Grade 1 V3 with timing and worksheets
[06:50:49] 💤 Sleeping 5 minutes...
[06:55:49] 
========================================
[06:55:49] ITERATION 10
[06:55:49] ========================================
[06:55:49] 📚 Current curricula: 10
[06:55:49] 📝 Improving Grade 1...
[06:55:49] ✅ Created Grade 1 V3 with timing and worksheets
[06:55:52] 📤 Pushed to GitHub
[06:55:52] 💤 Sleeping 5 minutes...
[07:00:52] 
========================================
[07:00:52] ITERATION 11
[07:00:52] ========================================
[07:00:52] 📚 Current curricula: 10
[07:00:52] 📝 Improving Grade 1...
[07:00:52] ✅ Created Grade 1 V3 with timing and worksheets
[07:00:54] 📤 Pushed to GitHub
[07:00:54] 💤 Sleeping 5 minutes...
[07:05:54] 
========================================
[07:05:54] ITERATION 12
[07:05:54] ========================================
[07:05:54] 📚 Current curricula: 10
[07:05:54] 📝 Improving Grade 1...
[07:05:54] ✅ Created Grade 1 V3 with timing and worksheets
[07:05:57] 📤 Pushed to GitHub
[07:05:57] 💤 Sleeping 5 minutes...
[07:10:57] 
========================================
[07:10:57] ITERATION 13
[07:10:57] ========================================
[07:10:57] 📚 Current curricula: 10
[07:10:57] 📝 Improving Grade 1...
[07:10:57] ✅ Created Grade 1 V3 with timing and worksheets
[07:10:59] 📤 Pushed to GitHub
[07:10:59] 💤 Sleeping 5 minutes...
[07:15:59] 
========================================
[07:15:59] ITERATION 14
[07:15:59] ========================================
[07:15:59] 📚 Current curricula: 10
[07:15:59] 📝 Improving Grade 1...
[07:15:59] ✅ Created Grade 1 V3 with timing and worksheets
[07:16:00] 💤 Sleeping 5 minutes...
[07:21:00] 
========================================
[07:21:00] ITERATION 15
[07:21:00] ========================================
[07:21:00] 📚 Current curricula: 10
[07:21:00] 📝 Improving Grade 1...
[07:21:00] ✅ Created Grade 1 V3 with timing and worksheets
[07:21:02] 📤 Pushed to GitHub
[07:21:02] 💤 Sleeping 5 minutes...
[07:26:02] 
========================================
[07:26:02] ITERATION 16
[07:26:02] ========================================
[07:26:02] 📚 Current curricula: 10
[07:26:02] 📝 Improving Grade 1...
[07:26:02] ✅ Created Grade 1 V3 with timing and worksheets
[07:26:05] 📤 Pushed to GitHub
[07:26:05] 💤 Sleeping 5 minutes...
[07:31:05] 
========================================
[07:31:05] ITERATION 17
[07:31:05] ========================================
[07:31:05] 📚 Current curricula: 10
[07:31:05] 📝 Improving Grade 1...
[07:31:05] ✅ Created Grade 1 V3 with timing and worksheets
[07:31:07] 📤 Pushed to GitHub
[07:31:07] 💤 Sleeping 5 minutes...
[07:36:07] 
========================================
[07:36:07] ITERATION 18
[07:36:07] ========================================
[07:36:07] 📚 Current curricula: 10
[07:36:07] 📝 Improving Grade 1...
[07:36:07] ✅ Created Grade 1 V3 with timing and worksheets
[07:36:10] 📤 Pushed to GitHub
[07:36:10] 💤 Sleeping 5 minutes...
[07:41:10] 
========================================
[07:41:10] ITERATION 19
[07:41:10] ========================================
[07:41:10] 📚 Current curricula: 10
[07:41:10] 📝 Improving Grade 1...
[07:41:10] ✅ Created Grade 1 V3 with timing and worksheets
[07:41:12] 📤 Pushed to GitHub
[07:41:12] 💤 Sleeping 5 minutes...
[07:46:12] 
========================================
[07:46:12] ITERATION 20
[07:46:12] ========================================
[07:46:12] 📚 Current curricula: 10
[07:46:12] 📝 Improving Grade 1...
[07:46:12] ✅ Created Grade 1 V3 with timing and worksheets
[07:46:14] 📤 Pushed to GitHub
[07:46:14] 💤 Sleeping 5 minutes...
[07:51:14] 
========================================
[07:51:14] ITERATION 21
[07:51:14] ========================================
[07:51:14] 📚 Current curricula: 10
[07:51:14] 📝 Improving Grade 1...
[07:51:14] ✅ Created Grade 1 V3 with timing and worksheets
[07:51:16] 📤 Pushed to GitHub
[07:51:16] 💤 Sleeping 5 minutes...
[07:56:16] 
========================================
[07:56:16] ITERATION 22
[07:56:16] ========================================
[07:56:16] 📚 Current curricula: 10
[07:56:16] 📝 Improving Grade 1...
[07:56:16] ✅ Created Grade 1 V3 with timing and worksheets
[07:56:18] 📤 Pushed to GitHub
[07:56:18] 💤 Sleeping 5 minutes...
[08:01:18] 
========================================
[08:01:18] ITERATION 23
[08:01:18] ========================================
[08:01:18] 📚 Current curricula: 10
[08:01:18] 📝 Improving Grade 1...
[08:01:18] ✅ Created Grade 1 V3 with timing and worksheets
[08:01:21] 📤 Pushed to GitHub
[08:01:21] 💤 Sleeping 5 minutes...
[08:06:21] 
========================================
[08:06:21] ITERATION 24
[08:06:21] ========================================
[08:06:21] 📚 Current curricula: 10
[08:06:21] 📝 Improving Grade 1...
[08:06:21] ✅ Created Grade 1 V3 with timing and worksheets
[08:06:23] 📤 Pushed to GitHub
[08:06:23] 💤 Sleeping 5 minutes...
[08:11:23] 
========================================
[08:11:23] ITERATION 25
[08:11:23] ========================================
[08:11:23] 📚 Current curricula: 10
[08:11:23] 📝 Improving Grade 1...
[08:11:23] ✅ Created Grade 1 V3 with timing and worksheets
[08:11:25] 📤 Pushed to GitHub
To https://github.com/H-H-E/lesson-hub.git
   9ad5bde..8ec3253  master -> master
To https://github.com/H-H-E/lesson-hub.git
   e842e4a..d7ab48b  master -> master
To https://github.com/H-H-E/lesson-hub.git
   d7ab48b..06b0cee  master -> master
To https://github.com/H-H-E/lesson-hub.git
   06b0cee..877f552  master -> master
To https://github.com/H-H-E/lesson-hub.git
   877f552..460a298  master -> master
To https://github.com/H-H-E/lesson-hub.git
   460a298..8d9016e  master -> master
To https://github.com/H-H-E/lesson-hub.git
   8d9016e..f04fde4  master -> master
To https://github.com/H-H-E/lesson-hub.git
   f04fde4..6cd2db9  master -> master
To https://github.com/H-H-E/lesson-hub.git
   6cd2db9..bda9890  master -> master
To https://github.com/H-H-E/lesson-hub.git
   bda9890..ff2966e  master -> master
To https://github.com/H-H-E/lesson-hub.git
   ff2966e..348e2ce  master -> master
To https://github.com/H-H-E/lesson-hub.git
   348e2ce..a964d09  master -> master
To https://github.com/H-H-E/lesson-hub.git
   a964d09..16ec6b7  master -> master
To https://github.com/H-H-E/lesson-hub.git
   16ec6b7..fea5aa3  master -> master
To https://github.com/H-H-E/lesson-hub.git
   fea5aa3..6b2b5d7  master -> master
To https://github.com/H-H-E/lesson-hub.git
   6b2b5d7..61b3e7f  master -> master
To https://github.com/H-H-E/lesson-hub.git
   61b3e7f..b9e5167  master -> master
To https://github.com/H-H-E/lesson-hub.git
   b9e5167..abcd6d5  master -> master
To https://github.com/H-H-E/lesson-hub.git
   abcd6d5..149a0b5  master -> master
To https://github.com/H-H-E/lesson-hub.git
   149a0b5..b75c899  master -> master
[08:11:25] 💤 Sleeping 5 minutes...
[08:16:25] 
========================================
[08:16:25] ITERATION 26
[08:16:25] ========================================
[08:16:25] 📚 Current curricula: 10
[08:16:25] 📝 Improving Grade 1...
[08:16:25] ✅ Created Grade 1 V3 with timing and worksheets
[08:16:25] 💤 Sleeping 5 minutes...
[08:21:25] 
========================================
[08:21:25] ITERATION 27
[08:21:25] ========================================
[08:21:25] 📚 Current curricula: 10
[08:21:25] 📝 Improving Grade 1...
[08:21:25] ✅ Created Grade 1 V3 with timing and worksheets
[08:21:27] 📤 Pushed to GitHub
[08:21:27] 💤 Sleeping 5 minutes...
[08:26:27] 
========================================
[08:26:27] ITERATION 28
[08:26:27] ========================================
[08:26:27] 📚 Current curricula: 10
[08:26:27] 📝 Improving Grade 1...
[08:26:27] ✅ Created Grade 1 V3 with timing and worksheets
[08:26:28] 💤 Sleeping 5 minutes...
[08:31:28] 
========================================
[08:31:28] ITERATION 29
[08:31:28] ========================================
[08:31:28] 📚 Current curricula: 10
[08:31:28] 📝 Improving Grade 1...
[08:31:28] ✅ Created Grade 1 V3 with timing and worksheets
[08:31:28] 💤 Sleeping 5 minutes...
[08:36:28] 
========================================
[08:36:28] ITERATION 30
[08:36:28] ========================================
[08:36:28] 📚 Current curricula: 10
[08:36:28] 📝 Improving Grade 1...
[08:36:28] ✅ Created Grade 1 V3 with timing and worksheets
[08:36:31] 📤 Pushed to GitHub
[08:36:31] 💤 Sleeping 5 minutes...
[08:41:31] 
========================================
[08:41:31] ITERATION 31
[08:41:31] ========================================
[08:41:31] 📚 Current curricula: 10
[08:41:31] 📝 Improving Grade 1...
[08:41:31] ✅ Created Grade 1 V3 with timing and worksheets
[08:41:33] 📤 Pushed to GitHub
[08:41:33] 💤 Sleeping 5 minutes...
[08:46:33] 
========================================
[08:46:33] ITERATION 32
[08:46:33] ========================================
[08:46:33] 📚 Current curricula: 10
[08:46:33] 📝 Improving Grade 1...
[08:46:33] ✅ Created Grade 1 V3 with timing and worksheets
[08:46:35] 📤 Pushed to GitHub
[08:46:35] 💤 Sleeping 5 minutes...
[08:51:35] 
========================================
[08:51:35] ITERATION 33
[08:51:35] ========================================
[08:51:36] 📚 Current curricula: 10
[08:51:36] 📝 Improving Grade 1...
[08:51:36] ✅ Created Grade 1 V3 with timing and worksheets
[08:51:38] 📤 Pushed to GitHub
[08:51:38] 💤 Sleeping 5 minutes...
[08:56:38] 
========================================
[08:56:38] ITERATION 34
[08:56:38] ========================================
[08:56:38] 📚 Current curricula: 10
[08:56:38] 📝 Improving Grade 1...
[08:56:38] ✅ Created Grade 1 V3 with timing and worksheets
[08:56:41] 📤 Pushed to GitHub
[08:56:41] 💤 Sleeping 5 minutes...
[09:01:41] 
========================================
[09:01:41] ITERATION 35
[09:01:41] ========================================
[09:01:41] 📚 Current curricula: 10
[09:01:41] 📝 Improving Grade 1...
[09:01:41] ✅ Created Grade 1 V3 with timing and worksheets
[09:01:43] 📤 Pushed to GitHub
[09:01:43] 💤 Sleeping 5 minutes...
[09:06:43] 
========================================
[09:06:43] ITERATION 36
[09:06:43] ========================================
[09:06:43] 📚 Current curricula: 10
[09:06:43] 📝 Improving Grade 1...
[09:06:43] ✅ Created Grade 1 V3 with timing and worksheets
[09:06:45] 📤 Pushed to GitHub
[09:06:45] 💤 Sleeping 5 minutes...
[09:11:45] 
========================================
[09:11:45] ITERATION 37
[09:11:45] ========================================
[09:11:45] 📚 Current curricula: 10
[09:11:45] 📝 Improving Grade 1...
[09:11:45] ✅ Created Grade 1 V3 with timing and worksheets
[09:11:47] 📤 Pushed to GitHub
[09:11:47] 💤 Sleeping 5 minutes...
[09:16:47] 
========================================
[09:16:47] ITERATION 38
[09:16:47] ========================================
[09:16:47] 📚 Current curricula: 10
[09:16:47] 📝 Improving Grade 1...
[09:16:47] ✅ Created Grade 1 V3 with timing and worksheets
[09:16:50] 📤 Pushed to GitHub
[09:16:50] 💤 Sleeping 5 minutes...
[09:21:50] 
========================================
[09:21:50] ITERATION 39
[09:21:50] ========================================
[09:21:50] 📚 Current curricula: 10
[09:21:50] 📝 Improving Grade 1...
[09:21:50] ✅ Created Grade 1 V3 with timing and worksheets
[09:21:52] 📤 Pushed to GitHub
[09:21:52] 💤 Sleeping 5 minutes...
[09:26:52] 
========================================
[09:26:52] ITERATION 40
[09:26:52] ========================================
[09:26:52] 📚 Current curricula: 10
[09:26:52] 📝 Improving Grade 1...
[09:26:52] ✅ Created Grade 1 V3 with timing and worksheets
[09:26:55] 📤 Pushed to GitHub
[09:26:55] 💤 Sleeping 5 minutes...
[09:31:55] 
========================================
[09:31:55] ITERATION 41
[09:31:55] ========================================
[09:31:55] 📚 Current curricula: 10
[09:31:55] 📝 Improving Grade 1...
[09:31:55] ✅ Created Grade 1 V3 with timing and worksheets
[09:31:57] 📤 Pushed to GitHub
[09:31:57] 💤 Sleeping 5 minutes...
[09:36:57] 
========================================
[09:36:57] ITERATION 42
[09:36:57] ========================================
[09:36:57] 📚 Current curricula: 10
[09:36:57] 📝 Improving Grade 1...
[09:36:57] ✅ Created Grade 1 V3 with timing and worksheets
[09:36:59] 📤 Pushed to GitHub
[09:36:59] 💤 Sleeping 5 minutes...
[09:41:59] 
========================================
[09:41:59] ITERATION 43
[09:41:59] ========================================
[09:41:59] 📚 Current curricula: 10
[09:41:59] 📝 Improving Grade 1...
[09:41:59] ✅ Created Grade 1 V3 with timing and worksheets
[09:42:01] 📤 Pushed to GitHub
[09:42:01] 💤 Sleeping 5 minutes...
[09:47:01] 
========================================
[09:47:01] ITERATION 44
[09:47:01] ========================================
[09:47:01] 📚 Current curricula: 10
[09:47:01] 📝 Improving Grade 1...
[09:47:01] ✅ Created Grade 1 V3 with timing and worksheets
[09:47:04] 📤 Pushed to GitHub
[09:47:04] 💤 Sleeping 5 minutes...
[09:52:04] 
========================================
[09:52:04] ITERATION 45
[09:52:04] ========================================
[09:52:04] 📚 Current curricula: 10
[09:52:04] 📝 Improving Grade 1...
[09:52:04] ✅ Created Grade 1 V3 with timing and worksheets
[09:52:06] 📤 Pushed to GitHub
[09:52:06] 💤 Sleeping 5 minutes...
[09:57:06] 
========================================
[09:57:06] ITERATION 46
[09:57:06] ========================================
[09:57:06] 📚 Current curricula: 10
[09:57:06] 📝 Improving Grade 1...
[09:57:06] ✅ Created Grade 1 V3 with timing and worksheets
[09:57:08] 📤 Pushed to GitHub
[09:57:08] 💤 Sleeping 5 minutes...
[10:02:08] 
========================================
[10:02:08] ITERATION 47
[10:02:08] ========================================
[10:02:08] 📚 Current curricula: 10
[10:02:08] 📝 Improving Grade 1...
[10:02:08] ✅ Created Grade 1 V3 with timing and worksheets
[10:02:10] 📤 Pushed to GitHub
[10:02:11] 💤 Sleeping 5 minutes...
[10:07:11] 
========================================
[10:07:11] ITERATION 48
[10:07:11] ========================================
[10:07:11] 📚 Current curricula: 10
[10:07:11] 📝 Improving Grade 1...
[10:07:11] ✅ Created Grade 1 V3 with timing and worksheets
[10:07:13] 📤 Pushed to GitHub
[10:07:13] 💤 Sleeping 5 minutes...
Traceback (most recent call last):
  File "/root/.openclaw/workspace/lesson-hub/automation/autopilot.py", line 305, in <module>
    Autopilot().run(hours)
  File "/root/.openclaw/workspace/lesson-hub/automation/autopilot.py", line 283, in run
    self.log(f"\n🏁 Done! {self.iterations} iterations")
                           ^^^^^^^^^^^^^^^
AttributeError: 'Autopilot' object has no attribute 'iterations'. Did you mean: 'iteration'?
