2026-03-19 20:45:41,353 | INFO | 📂 Restored state: 0 queued
2026-03-19 20:45:41,354 | INFO | 🎯 Pipeline Orchestrator initialized
2026-03-19 20:45:53,299 | INFO | 📂 Restored state: 0 queued
2026-03-19 20:45:53,300 | INFO | 🎯 Pipeline Orchestrator initialized
2026-03-19 20:45:53,300 | INFO | 📝 Queued: Grade 1 Module 1 - Living Things
2026-03-19 20:45:53,305 | INFO | 📝 Queued: Grade 1 Module 2 - Matter
2026-03-19 20:45:53,308 | INFO | 📝 Queued: Grade 2 Module 1 - Life Cycles
2026-03-19 20:45:53,311 | INFO | 📝 Queued: Grade 3 Module 1 - Biodiversity
2026-03-19 20:45:53,314 | INFO | 📦 Starting batch processing (max: 4)
2026-03-19 20:45:53,314 | INFO | 🔄 Processing: Living Things (Grade 1)
2026-03-19 20:45:53,331 | ERROR |   ✗ systems_literacy: 'Lesson' object has no attribute 'grade_band'
2026-03-19 20:45:56,374 | INFO | 🚀 Deployed: Living Things
2026-03-19 20:45:56,378 | INFO | ✅ COMPLETE: Living Things (Score: 100.0)
2026-03-19 20:45:56,395 | INFO | 🔄 Processing: Matter (Grade 1)
2026-03-19 20:45:56,410 | ERROR |   ✗ systems_literacy: 'Lesson' object has no attribute 'grade_band'
2026-03-19 20:45:58,515 | INFO | 🚀 Deployed: Matter
2026-03-19 20:45:58,523 | INFO | ✅ COMPLETE: Matter (Score: 100.0)
2026-03-19 20:45:58,536 | INFO | 🔄 Processing: Life Cycles (Grade 2)
2026-03-19 20:45:58,554 | ERROR |   ✗ systems_literacy: 'Lesson' object has no attribute 'grade_band'
2026-03-19 20:46:00,771 | INFO | 🚀 Deployed: Life Cycles
2026-03-19 20:46:00,776 | INFO | ✅ COMPLETE: Life Cycles (Score: 100.0)
2026-03-19 20:46:00,791 | INFO | 🔄 Processing: Biodiversity (Grade 3)
2026-03-19 20:46:00,811 | ERROR |   ✗ systems_literacy: 'Lesson' object has no attribute 'grade_band'
2026-03-19 20:46:02,852 | INFO | 🚀 Deployed: Biodiversity
2026-03-19 20:46:02,852 | INFO | ✅ COMPLETE: Biodiversity (Score: 100.0)
2026-03-19 20:46:02,859 | INFO | 📦 Batch complete: 4 lessons
2026-03-19 20:47:40,052 | INFO | 📂 Restored state: 0 queued
2026-03-19 20:47:40,053 | INFO | 🎯 Pipeline Orchestrator initialized
2026-03-19 20:47:40,053 | INFO | 📝 Queued: Grade 1 Module 1 - Living Things
2026-03-19 20:47:40,057 | INFO | 📝 Queued: Grade 1 Module 2 - Matter
2026-03-19 20:47:40,061 | INFO | 📝 Queued: Grade 1 Module 3 - Light and Shadow
2026-03-19 20:47:40,065 | INFO | 📝 Queued: Grade 1 Module 4 - Sky Patterns
2026-03-19 20:47:40,068 | INFO | 📝 Queued: Grade 1 Module 5 - Sound
2026-03-19 20:47:40,072 | INFO | 📝 Queued: Grade 1 Module 6 - Sorting and Classifying
2026-03-19 20:47:40,075 | INFO | 📦 Starting batch processing (max: 10)
2026-03-19 20:47:40,075 | INFO | 🔄 Processing: Living Things (Grade 1)
2026-03-19 20:47:40,087 | ERROR |   ✗ systems_literacy: 'Lesson' object has no attribute 'grade_band'
2026-03-19 20:47:42,352 | INFO | 🚀 Deployed: Living Things
2026-03-19 20:47:42,353 | INFO | ✅ COMPLETE: Living Things (Score: 100.0)
2026-03-19 20:47:42,366 | INFO | 🔄 Processing: Matter (Grade 1)
2026-03-19 20:47:42,378 | ERROR |   ✗ systems_literacy: 'Lesson' object has no attribute 'grade_band'
2026-03-19 20:47:44,429 | INFO | 🚀 Deployed: Matter
2026-03-19 20:47:44,430 | INFO | ✅ COMPLETE: Matter (Score: 100.0)
2026-03-19 20:47:44,439 | INFO | 🔄 Processing: Light and Shadow (Grade 1)
2026-03-19 20:47:44,458 | ERROR |   ✗ systems_literacy: 'Lesson' object has no attribute 'grade_band'
2026-03-19 20:47:46,651 | INFO | 🚀 Deployed: Light and Shadow
2026-03-19 20:47:46,652 | INFO | ✅ COMPLETE: Light and Shadow (Score: 100.0)
2026-03-19 20:47:46,667 | INFO | 🔄 Processing: Sky Patterns (Grade 1)
2026-03-19 20:47:46,693 | ERROR |   ✗ systems_literacy: 'Lesson' object has no attribute 'grade_band'
2026-03-19 20:47:48,715 | INFO | 🚀 Deployed: Sky Patterns
2026-03-19 20:47:48,716 | INFO | ✅ COMPLETE: Sky Patterns (Score: 100.0)
2026-03-19 20:47:48,726 | INFO | 🔄 Processing: Sound (Grade 1)
2026-03-19 20:47:48,743 | ERROR |   ✗ systems_literacy: 'Lesson' object has no attribute 'grade_band'
2026-03-19 20:47:50,846 | INFO | 🚀 Deployed: Sound
2026-03-19 20:47:50,847 | INFO | ✅ COMPLETE: Sound (Score: 100.0)
2026-03-19 20:47:50,860 | INFO | 🔄 Processing: Sorting and Classifying (Grade 1)
2026-03-19 20:47:50,879 | ERROR |   ✗ systems_literacy: 'Lesson' object has no attribute 'grade_band'
2026-03-19 20:47:52,921 | INFO | 🚀 Deployed: Sorting and Classifying
2026-03-19 20:47:52,922 | INFO | ✅ COMPLETE: Sorting and Classifying (Score: 100.0)
2026-03-19 20:47:52,931 | INFO | 📦 Batch complete: 6 lessons
